<?xml version="1.0" encoding="UTF-8"?>
<!-- Generated by org.testng.reporters.JUnitXMLReporter -->
<testsuite ignored="2" hostname="Tareq" failures="0" tests="5" name="Car Loan" time="0.069" errors="0" timestamp="2023-09-12T02:16:44 EDT">
  <testcase classname="test.day3" name="MobileLogincarLoan" time="0.003"/>
  <testcase classname="test.day3" name="MobilesignoutcarLoan" time="0.002"/>
  <testcase classname="test.day3" name="MobilesignoutcarLoan" time="0.001"/>
  <testcase classname="test.day3" name="MobilesignoutcarLoan" time="0.002"/>
  <testcase classname="test.day3" name="WebloginCarLoan" time="0.001"/>
  <testcase classname="test.day3" name="MobilesignimcarLoan" time="0.0">
    <ignored/>
  </testcase> <!-- MobilesignimcarLoan -->
  <testcase classname="test.day3" name="APIcarLoan" time="0.0">
    <ignored/>
  </testcase> <!-- APIcarLoan -->
</testsuite> <!-- Car Loan -->
